<?xml version="1.0" encoding="UTF-8"?>
<!-- Generated by org.testng.reporters.JUnitReportReporter -->
<testsuite hostname="LAPTOP-ENKBBMG9" failures="0" tests="3" name="com.fruitshop.tests.LoginTest" time="29.312" errors="0" timestamp="2025-12-03T08:55:46 GMT+07:00" skipped="0">
  <testcase classname="com.fruitshop.tests.LoginTest" name="testLoginSuccessAsCustomer" time="9.434"/>
  <testcase classname="com.fruitshop.tests.LoginTest" name="testLoginWithWrongPassword" time="10.970"/>
  <testcase classname="com.fruitshop.tests.LoginTest" name="testLoginWithEmptyPassword" time="8.908"/>
</testsuite> <!-- com.fruitshop.tests.LoginTest -->
