<?xml version="1.0" encoding="UTF-8"?>
<!-- Generated by org.testng.reporters.JUnitReportReporter -->
<testsuite hostname="LAPTOP-ENKBBMG9" failures="0" tests="3" name="com.fruitshop.tests.LoginTest" time="32.706" errors="0" timestamp="2025-11-25T09:46:54 GMT+07:00" skipped="0">
  <testcase classname="com.fruitshop.tests.LoginTest" name="testLoginSuccessAsCustomer" time="13.968"/>
  <testcase classname="com.fruitshop.tests.LoginTest" name="testLoginWithWrongPassword" time="10.344"/>
  <testcase classname="com.fruitshop.tests.LoginTest" name="testLoginWithEmptyPassword" time="8.394"/>
</testsuite> <!-- com.fruitshop.tests.LoginTest -->
