<?xml version="1.0" encoding="UTF-8"?>
<!-- Generated by org.testng.reporters.JUnitXMLReporter -->
<testsuite ignored="0" hostname="LAPTOP-ENKBBMG9" failures="0" tests="3" name="Login Tests" time="29.37" errors="0" timestamp="2025-12-03T08:55:46 GMT+07:00">
  <testcase classname="com.fruitshop.tests.LoginTest" name="testLoginSuccessAsCustomer" time="3.412"/>
  <testcase classname="com.fruitshop.tests.LoginTest" name="testLoginWithWrongPassword" time="4.725"/>
  <testcase classname="com.fruitshop.tests.LoginTest" name="testLoginWithEmptyPassword" time="1.31"/>
</testsuite> <!-- Login Tests -->
