<?xml version="1.0" encoding="UTF-8"?>
<!-- Generated by org.testng.reporters.JUnitXMLReporter -->
<testsuite ignored="0" hostname="LAPTOP-ENKBBMG9" failures="0" tests="3" name="Surefire test" time="32.773" errors="0" timestamp="2025-11-25T09:46:54 GMT+07:00">
  <testcase classname="com.fruitshop.tests.LoginTest" name="testLoginSuccessAsCustomer" time="3.897"/>
  <testcase classname="com.fruitshop.tests.LoginTest" name="testLoginWithWrongPassword" time="4.6"/>
  <testcase classname="com.fruitshop.tests.LoginTest" name="testLoginWithEmptyPassword" time="1.321"/>
</testsuite> <!-- Surefire test -->
