<?xml version="1.0" encoding="UTF-8"?>
<testng-results ignored="0" total="3" passed="3" failed="0" skipped="0">
  <reporter-output>
  </reporter-output>
  <suite started-at="2025-12-03T08:55:16 GMT+07:00" name="FruitShop Test Suite" finished-at="2025-12-03T08:55:46 GMT+07:00" duration-ms="29370">
    <groups>
    </groups>
    <test started-at="2025-12-03T08:55:16 GMT+07:00" name="Login Tests" finished-at="2025-12-03T08:55:46 GMT+07:00" duration-ms="29370">
      <class name="com.fruitshop.tests.LoginTest">
        <test-method is-config="true" signature="setUp()[pri:0, instance:com.fruitshop.tests.LoginTest@393671df]" started-at="2025-12-03T08:55:16 GMT+07:00" name="setUp" finished-at="2025-12-03T08:55:20 GMT+07:00" duration-ms="3275" status="PASS">
          <reporter-output>
          </reporter-output>
        </test-method> <!-- setUp -->
        <test-method is-config="true" signature="setUpLoginTest()[pri:0, instance:com.fruitshop.tests.LoginTest@393671df]" started-at="2025-12-03T08:55:20 GMT+07:00" name="setUpLoginTest" finished-at="2025-12-03T08:55:24 GMT+07:00" duration-ms="4591" status="PASS">
          <reporter-output>
          </reporter-output>
        </test-method> <!-- setUpLoginTest -->
        <test-method signature="testLoginSuccessAsCustomer()[pri:1, instance:com.fruitshop.tests.LoginTest@393671df]" started-at="2025-12-03T08:55:24 GMT+07:00" name="testLoginSuccessAsCustomer" description="Đăng nhập thành công với thông tin hợp lệ" finished-at="2025-12-03T08:55:28 GMT+07:00" duration-ms="3412" status="PASS">
          <reporter-output>
          </reporter-output>
        </test-method> <!-- testLoginSuccessAsCustomer -->
        <test-method is-config="true" signature="tearDown()[pri:0, instance:com.fruitshop.tests.LoginTest@393671df]" started-at="2025-12-03T08:55:28 GMT+07:00" name="tearDown" finished-at="2025-12-03T08:55:28 GMT+07:00" duration-ms="338" status="PASS">
          <reporter-output>
          </reporter-output>
        </test-method> <!-- tearDown -->
        <test-method is-config="true" signature="setUp()[pri:0, instance:com.fruitshop.tests.LoginTest@393671df]" started-at="2025-12-03T08:55:28 GMT+07:00" name="setUp" finished-at="2025-12-03T08:55:29 GMT+07:00" duration-ms="1303" status="PASS">
          <reporter-output>
          </reporter-output>
        </test-method> <!-- setUp -->
        <test-method is-config="true" signature="setUpLoginTest()[pri:0, instance:com.fruitshop.tests.LoginTest@393671df]" started-at="2025-12-03T08:55:29 GMT+07:00" name="setUpLoginTest" finished-at="2025-12-03T08:55:33 GMT+07:00" duration-ms="3985" status="PASS">
          <reporter-output>
          </reporter-output>
        </test-method> <!-- setUpLoginTest -->
        <test-method signature="testLoginWithWrongPassword()[pri:2, instance:com.fruitshop.tests.LoginTest@393671df]" started-at="2025-12-03T08:55:33 GMT+07:00" name="testLoginWithWrongPassword" description="Đăng nhập thất bại - Sai mật khẩu" finished-at="2025-12-03T08:55:38 GMT+07:00" duration-ms="4725" status="PASS">
          <reporter-output>
          </reporter-output>
        </test-method> <!-- testLoginWithWrongPassword -->
        <test-method is-config="true" signature="tearDown()[pri:0, instance:com.fruitshop.tests.LoginTest@393671df]" started-at="2025-12-03T08:55:38 GMT+07:00" name="tearDown" finished-at="2025-12-03T08:55:38 GMT+07:00" duration-ms="398" status="PASS">
          <reporter-output>
          </reporter-output>
        </test-method> <!-- tearDown -->
        <test-method is-config="true" signature="setUp()[pri:0, instance:com.fruitshop.tests.LoginTest@393671df]" started-at="2025-12-03T08:55:38 GMT+07:00" name="setUp" finished-at="2025-12-03T08:55:40 GMT+07:00" duration-ms="1256" status="PASS">
          <reporter-output>
          </reporter-output>
        </test-method> <!-- setUp -->
        <test-method is-config="true" signature="setUpLoginTest()[pri:0, instance:com.fruitshop.tests.LoginTest@393671df]" started-at="2025-12-03T08:55:40 GMT+07:00" name="setUpLoginTest" finished-at="2025-12-03T08:55:44 GMT+07:00" duration-ms="4340" status="PASS">
          <reporter-output>
          </reporter-output>
        </test-method> <!-- setUpLoginTest -->
        <test-method signature="testLoginWithEmptyPassword()[pri:3, instance:com.fruitshop.tests.LoginTest@393671df]" started-at="2025-12-03T08:55:44 GMT+07:00" name="testLoginWithEmptyPassword" description="Đăng nhập thất bại - Bỏ trống trường mật khẩu bắt buộc" finished-at="2025-12-03T08:55:45 GMT+07:00" duration-ms="1310" status="PASS">
          <reporter-output>
          </reporter-output>
        </test-method> <!-- testLoginWithEmptyPassword -->
        <test-method is-config="true" signature="tearDown()[pri:0, instance:com.fruitshop.tests.LoginTest@393671df]" started-at="2025-12-03T08:55:45 GMT+07:00" name="tearDown" finished-at="2025-12-03T08:55:46 GMT+07:00" duration-ms="379" status="PASS">
          <reporter-output>
          </reporter-output>
        </test-method> <!-- tearDown -->
      </class> <!-- com.fruitshop.tests.LoginTest -->
    </test> <!-- Login Tests -->
  </suite> <!-- FruitShop Test Suite -->
</testng-results>
