<?xml version="1.0" encoding="UTF-8"?>
<testng-results ignored="0" total="1" passed="1" failed="0" skipped="0">
  <reporter-output>
  </reporter-output>
  <suite started-at="2025-11-24T09:09:57 GMT+07:00" name="FruitShop Test Suite" finished-at="2025-11-24T09:10:16 GMT+07:00" duration-ms="18375">
    <groups>
    </groups>
    <test started-at="2025-11-24T09:09:57 GMT+07:00" name="Login Tests" finished-at="2025-11-24T09:10:16 GMT+07:00" duration-ms="18375">
      <class name="com.fruitshop.tests.LoginTest">
        <test-method is-config="true" signature="setUp()[pri:0, instance:com.fruitshop.tests.LoginTest@3835c46]" started-at="2025-11-24T09:09:57 GMT+07:00" name="setUp" finished-at="2025-11-24T09:10:05 GMT+07:00" duration-ms="7870" status="PASS">
          <reporter-output>
          </reporter-output>
        </test-method> <!-- setUp -->
        <test-method is-config="true" signature="setUpLoginTest()[pri:0, instance:com.fruitshop.tests.LoginTest@3835c46]" started-at="2025-11-24T09:10:05 GMT+07:00" name="setUpLoginTest" finished-at="2025-11-24T09:10:10 GMT+07:00" duration-ms="4713" status="PASS">
          <reporter-output>
          </reporter-output>
        </test-method> <!-- setUpLoginTest -->
        <test-method signature="testLoginSuccessAsCustomer()[pri:1, instance:com.fruitshop.tests.LoginTest@3835c46]" started-at="2025-11-24T09:10:10 GMT+07:00" name="testLoginSuccessAsCustomer" description="Đăng nhập thành công với tài khoản Customer" finished-at="2025-11-24T09:10:14 GMT+07:00" duration-ms="4152" status="PASS">
          <reporter-output>
          </reporter-output>
        </test-method> <!-- testLoginSuccessAsCustomer -->
        <test-method is-config="true" signature="tearDown()[pri:0, instance:com.fruitshop.tests.LoginTest@3835c46]" started-at="2025-11-24T09:10:14 GMT+07:00" name="tearDown" finished-at="2025-11-24T09:10:16 GMT+07:00" duration-ms="1569" status="PASS">
          <reporter-output>
          </reporter-output>
        </test-method> <!-- tearDown -->
      </class> <!-- com.fruitshop.tests.LoginTest -->
    </test> <!-- Login Tests -->
  </suite> <!-- FruitShop Test Suite -->
</testng-results>
