<?xml version="1.0" encoding="UTF-8"?>
<coverage generated="1763634319574" clover="3.2.0">
  <project timestamp="1763634319574" name="All files">
    <metrics statements="65" coveredstatements="57" conditionals="19" coveredconditionals="17" methods="16" coveredmethods="13" elements="100" coveredelements="87" complexity="0" loc="65" ncloc="65" packages="1" files="2" classes="2"/>
    <file name="authService.ts" path="D:\Workspace\University\hoc-ky-1-nam-4\kiem-thu-phan-mem\FruitShop\client\src\services\authService.ts">
      <metrics statements="21" coveredstatements="21" conditionals="7" coveredconditionals="6" methods="4" coveredmethods="4"/>
      <line num="1" count="1" type="stmt"/>
      <line num="3" count="1" type="stmt"/>
      <line num="18" count="1" type="stmt"/>
      <line num="20" count="6" type="stmt"/>
      <line num="21" count="6" type="stmt"/>
      <line num="27" count="2" type="cond" truecount="1" falsecount="1"/>
      <line num="28" count="2" type="stmt"/>
      <line num="29" count="2" type="stmt"/>
      <line num="32" count="2" type="stmt"/>
      <line num="37" count="4" type="cond" truecount="3" falsecount="0"/>
      <line num="41" count="4" type="stmt"/>
      <line num="50" count="7" type="stmt"/>
      <line num="51" count="7" type="stmt"/>
      <line num="52" count="6" type="cond" truecount="2" falsecount="0"/>
      <line num="53" count="3" type="stmt"/>
      <line num="58" count="5" type="stmt"/>
      <line num="63" count="3" type="stmt"/>
      <line num="64" count="3" type="stmt"/>
      <line num="65" count="3" type="stmt"/>
      <line num="66" count="3" type="stmt"/>
      <line num="71" count="7" type="stmt"/>
    </file>
    <file name="localStorageCartService.ts" path="D:\Workspace\University\hoc-ky-1-nam-4\kiem-thu-phan-mem\FruitShop\client\src\services\localStorageCartService.ts">
      <metrics statements="44" coveredstatements="36" conditionals="12" coveredconditionals="11" methods="12" coveredmethods="9"/>
      <line num="4" count="1" type="stmt"/>
      <line num="6" count="1" type="stmt"/>
      <line num="9" count="12" type="stmt"/>
      <line num="10" count="12" type="stmt"/>
      <line num="11" count="12" type="cond" truecount="2" falsecount="0"/>
      <line num="14" count="0" type="stmt"/>
      <line num="26" count="8" type="stmt"/>
      <line num="27" count="8" type="stmt"/>
      <line num="28" count="8" type="stmt"/>
      <line num="30" count="8" type="cond" truecount="2" falsecount="0"/>
      <line num="32" count="1" type="cond" truecount="2" falsecount="0"/>
      <line num="34" count="1" type="stmt"/>
      <line num="37" count="7" type="cond" truecount="2" falsecount="0"/>
      <line num="38" count="7" type="stmt"/>
      <line num="47" count="7" type="stmt"/>
      <line num="50" count="8" type="stmt"/>
      <line num="53" count="8" type="stmt"/>
      <line num="55" count="8" type="stmt"/>
      <line num="59" count="0" type="stmt"/>
      <line num="65" count="2" type="stmt"/>
      <line num="66" count="2" type="stmt"/>
      <line num="67" count="2" type="stmt"/>
      <line num="69" count="2" type="cond" truecount="1" falsecount="1"/>
      <line num="70" count="2" type="cond" truecount="2" falsecount="0"/>
      <line num="71" count="1" type="stmt"/>
      <line num="73" count="1" type="stmt"/>
      <line num="75" count="1" type="stmt"/>
      <line num="79" count="2" type="stmt"/>
      <line num="80" count="2" type="stmt"/>
      <line num="82" count="2" type="stmt"/>
      <line num="85" count="0" type="stmt"/>
      <line num="91" count="1" type="stmt"/>
      <line num="92" count="1" type="stmt"/>
      <line num="93" count="1" type="stmt"/>
      <line num="95" count="1" type="stmt"/>
      <line num="96" count="1" type="stmt"/>
      <line num="98" count="1" type="stmt"/>
      <line num="101" count="0" type="stmt"/>
      <line num="107" count="0" type="stmt"/>
      <line num="108" count="0" type="stmt"/>
      <line num="113" count="0" type="stmt"/>
      <line num="114" count="0" type="stmt"/>
      <line num="119" count="1" type="stmt"/>
      <line num="120" count="2" type="stmt"/>
    </file>
  </project>
</coverage>
