{"D:\\Workspace\\University\\hoc-ky-1-nam-4\\kiem-thu-phan-mem\\FruitShop\\client\\src\\services\\authService.ts": {"path":"D:\\Workspace\\University\\hoc-ky-1-nam-4\\kiem-thu-phan-mem\\FruitShop\\client\\src\\services\\authService.ts","statementMap":{"0":{"start":{"line":1,"column":0},"end":{"line":1,"column":42}},"1":{"start":{"line":3,"column":0},"end":{"line":3,"column":42}},"2":{"start":{"line":18,"column":13},"end":{"line":73,"column":null}},"3":{"start":{"line":20,"column":4},"end":{"line":45,"column":5}},"4":{"start":{"line":21,"column":47},"end":{"line":24,"column":8}},"5":{"start":{"line":27,"column":6},"end":{"line":30,"column":7}},"6":{"start":{"line":28,"column":8},"end":{"line":28,"column":null}},"7":{"start":{"line":29,"column":8},"end":{"line":29,"column":null}},"8":{"start":{"line":32,"column":6},"end":{"line":35,"column":8}},"9":{"start":{"line":37,"column":27},"end":{"line":39,"column":46}},"10":{"start":{"line":41,"column":6},"end":{"line":44,"column":8}},"11":{"start":{"line":50,"column":4},"end":{"line":57,"column":5}},"12":{"start":{"line":51,"column":22},"end":{"line":51,"column":50}},"13":{"start":{"line":52,"column":6},"end":{"line":54,"column":7}},"14":{"start":{"line":53,"column":8},"end":{"line":53,"column":null}},"15":{"start":{"line":58,"column":4},"end":{"line":58,"column":null}},"16":{"start":{"line":63,"column":4},"end":{"line":63,"column":null}},"17":{"start":{"line":64,"column":4},"end":{"line":64,"column":null}},"18":{"start":{"line":65,"column":4},"end":{"line":65,"column":null}},"19":{"start":{"line":66,"column":4},"end":{"line":66,"column":null}},"20":{"start":{"line":71,"column":4},"end":{"line":71,"column":null}}},"fnMap":{"0":{"name":"(anonymous_1)","decl":{"start":{"line":19,"column":9},"end":{"line":19,"column":14}},"loc":{"start":{"line":19,"column":73},"end":{"line":46,"column":3}}},"1":{"name":"(anonymous_2)","decl":{"start":{"line":49,"column":23},"end":{"line":49,"column":42}},"loc":{"start":{"line":49,"column":44},"end":{"line":59,"column":3}}},"2":{"name":"(anonymous_3)","decl":{"start":{"line":62,"column":10},"end":{"line":62,"column":19}},"loc":{"start":{"line":62,"column":21},"end":{"line":67,"column":3}}},"3":{"name":"(anonymous_4)","decl":{"start":{"line":70,"column":19},"end":{"line":70,"column":31}},"loc":{"start":{"line":70,"column":33},"end":{"line":72,"column":3}}}},"branchMap":{"0":{"loc":{"start":{"line":27,"column":6},"end":{"line":30,"column":7}},"type":"if","locations":[{"start":{"line":27,"column":6},"end":{"line":30,"column":7}},{"start":{},"end":{}}]},"1":{"loc":{"start":{"line":37,"column":27},"end":{"line":39,"column":46}},"type":"binary-expr","locations":[{"start":{"line":37,"column":27},"end":{"line":37,"column":56}},{"start":{"line":38,"column":26},"end":{"line":38,"column":39}},{"start":{"line":39,"column":26},"end":{"line":39,"column":46}}]},"2":{"loc":{"start":{"line":52,"column":6},"end":{"line":54,"column":7}},"type":"if","locations":[{"start":{"line":52,"column":6},"end":{"line":54,"column":7}},{"start":{},"end":{}}]}},"s":{"0":1,"1":1,"2":1,"3":6,"4":6,"5":2,"6":2,"7":2,"8":2,"9":4,"10":4,"11":7,"12":7,"13":6,"14":3,"15":5,"16":3,"17":3,"18":3,"19":3,"20":7},"f":{"0":6,"1":7,"2":3,"3":7},"b":{"0":[2,0],"1":[4,2,1],"2":[3,3]}}
,"D:\\Workspace\\University\\hoc-ky-1-nam-4\\kiem-thu-phan-mem\\FruitShop\\client\\src\\services\\localStorageCartService.ts": {"path":"D:\\Workspace\\University\\hoc-ky-1-nam-4\\kiem-thu-phan-mem\\FruitShop\\client\\src\\services\\localStorageCartService.ts","statementMap":{"0":{"start":{"line":4,"column":25},"end":{"line":4,"column":40}},"1":{"start":{"line":6,"column":13},"end":{"line":122,"column":2}},"2":{"start":{"line":9,"column":8},"end":{"line":15,"column":9}},"3":{"start":{"line":10,"column":29},"end":{"line":10,"column":67}},"4":{"start":{"line":11,"column":12},"end":{"line":11,"column":56}},"5":{"start":{"line":14,"column":12},"end":{"line":14,"column":22}},"6":{"start":{"line":26,"column":4},"end":{"line":60,"column":5}},"7":{"start":{"line":27,"column":21},"end":{"line":27,"column":59}},"8":{"start":{"line":28,"column":34},"end":{"line":28,"column":96}},"9":{"start":{"line":28,"column":59},"end":{"line":28,"column":95}},"10":{"start":{"line":30,"column":8},"end":{"line":48,"column":9}},"11":{"start":{"line":32,"column":12},"end":{"line":32,"column":70}},"12":{"start":{"line":34,"column":12},"end":{"line":34,"column":121}},"13":{"start":{"line":37,"column":29},"end":{"line":37,"column":50}},"14":{"start":{"line":38,"column":38},"end":{"line":46,"column":14}},"15":{"start":{"line":47,"column":12},"end":{"line":47,"column":31}},"16":{"start":{"line":50,"column":8},"end":{"line":50,"column":69}},"17":{"start":{"line":53,"column":8},"end":{"line":53,"column":61}},"18":{"start":{"line":55,"column":8},"end":{"line":55,"column":20}},"19":{"start":{"line":59,"column":8},"end":{"line":59,"column":18}},"20":{"start":{"line":65,"column":4},"end":{"line":86,"column":5}},"21":{"start":{"line":66,"column":21},"end":{"line":66,"column":59}},"22":{"start":{"line":67,"column":26},"end":{"line":67,"column":82}},"23":{"start":{"line":67,"column":51},"end":{"line":67,"column":81}},"24":{"start":{"line":69,"column":8},"end":{"line":77,"column":9}},"25":{"start":{"line":70,"column":12},"end":{"line":76,"column":13}},"26":{"start":{"line":71,"column":16},"end":{"line":71,"column":42}},"27":{"start":{"line":73,"column":16},"end":{"line":73,"column":52}},"28":{"start":{"line":75,"column":16},"end":{"line":75,"column":85}},"29":{"start":{"line":79,"column":8},"end":{"line":79,"column":69}},"30":{"start":{"line":80,"column":8},"end":{"line":80,"column":61}},"31":{"start":{"line":82,"column":8},"end":{"line":82,"column":20}},"32":{"start":{"line":85,"column":8},"end":{"line":85,"column":18}},"33":{"start":{"line":91,"column":8},"end":{"line":102,"column":9}},"34":{"start":{"line":92,"column":23},"end":{"line":92,"column":61}},"35":{"start":{"line":93,"column":12},"end":{"line":93,"column":73}},"36":{"start":{"line":93,"column":41},"end":{"line":93,"column":71}},"37":{"start":{"line":95,"column":12},"end":{"line":95,"column":73}},"38":{"start":{"line":96,"column":12},"end":{"line":96,"column":65}},"39":{"start":{"line":98,"column":12},"end":{"line":98,"column":24}},"40":{"start":{"line":101,"column":12},"end":{"line":101,"column":22}},"41":{"start":{"line":107,"column":8},"end":{"line":107,"column":50}},"42":{"start":{"line":108,"column":8},"end":{"line":108,"column":61}},"43":{"start":{"line":113,"column":21},"end":{"line":113,"column":59}},"44":{"start":{"line":114,"column":8},"end":{"line":114,"column":70}},"45":{"start":{"line":114,"column":44},"end":{"line":114,"column":65}},"46":{"start":{"line":119,"column":21},"end":{"line":119,"column":59}},"47":{"start":{"line":120,"column":8},"end":{"line":120,"column":90}},"48":{"start":{"line":120,"column":44},"end":{"line":120,"column":85}}},"fnMap":{"0":{"name":"(anonymous_0)","decl":{"start":{"line":8,"column":18},"end":{"line":8,"column":33}},"loc":{"start":{"line":8,"column":35},"end":{"line":16,"column":5}}},"1":{"name":"(anonymous_1)","decl":{"start":{"line":19,"column":15},"end":{"line":19,"column":16}},"loc":{"start":{"line":25,"column":17},"end":{"line":61,"column":1}}},"2":{"name":"(anonymous_2)","decl":{"start":{"line":28,"column":49},"end":{"line":28,"column":50}},"loc":{"start":{"line":28,"column":59},"end":{"line":28,"column":95}}},"3":{"name":"(anonymous_3)","decl":{"start":{"line":64,"column":16},"end":{"line":64,"column":17}},"loc":{"start":{"line":64,"column":69},"end":{"line":87,"column":1}}},"4":{"name":"(anonymous_4)","decl":{"start":{"line":67,"column":41},"end":{"line":67,"column":42}},"loc":{"start":{"line":67,"column":51},"end":{"line":67,"column":81}}},"5":{"name":"(anonymous_5)","decl":{"start":{"line":90,"column":16},"end":{"line":90,"column":17}},"loc":{"start":{"line":90,"column":51},"end":{"line":103,"column":5}}},"6":{"name":"(anonymous_6)","decl":{"start":{"line":93,"column":31},"end":{"line":93,"column":32}},"loc":{"start":{"line":93,"column":41},"end":{"line":93,"column":71}}},"7":{"name":"(anonymous_7)","decl":{"start":{"line":106,"column":15},"end":{"line":106,"column":24}},"loc":{"start":{"line":106,"column":26},"end":{"line":109,"column":5}}},"8":{"name":"(anonymous_8)","decl":{"start":{"line":112,"column":18},"end":{"line":112,"column":29}},"loc":{"start":{"line":112,"column":31},"end":{"line":115,"column":5}}},"9":{"name":"(anonymous_9)","decl":{"start":{"line":114,"column":27},"end":{"line":114,"column":28}},"loc":{"start":{"line":114,"column":44},"end":{"line":114,"column":65}}},"10":{"name":"(anonymous_10)","decl":{"start":{"line":118,"column":20},"end":{"line":118,"column":31}},"loc":{"start":{"line":118,"column":33},"end":{"line":121,"column":5}}},"11":{"name":"(anonymous_11)","decl":{"start":{"line":120,"column":27},"end":{"line":120,"column":28}},"loc":{"start":{"line":120,"column":44},"end":{"line":120,"column":85}}}},"branchMap":{"0":{"loc":{"start":{"line":11,"column":19},"end":{"line":11,"column":55}},"type":"cond-expr","locations":[{"start":{"line":11,"column":30},"end":{"line":11,"column":50}},{"start":{"line":11,"column":53},"end":{"line":11,"column":55}}]},"1":{"loc":{"start":{"line":30,"column":8},"end":{"line":48,"column":9}},"type":"if","locations":[{"start":{"line":30,"column":8},"end":{"line":48,"column":9}},{"start":{"line":35,"column":15},"end":{"line":48,"column":9}}]},"2":{"loc":{"start":{"line":32,"column":48},"end":{"line":32,"column":69}},"type":"binary-expr","locations":[{"start":{"line":32,"column":48},"end":{"line":32,"column":64}},{"start":{"line":32,"column":68},"end":{"line":32,"column":69}}]},"3":{"loc":{"start":{"line":37,"column":29},"end":{"line":37,"column":50}},"type":"binary-expr","locations":[{"start":{"line":37,"column":29},"end":{"line":37,"column":45}},{"start":{"line":37,"column":49},"end":{"line":37,"column":50}}]},"4":{"loc":{"start":{"line":69,"column":8},"end":{"line":77,"column":9}},"type":"if","locations":[{"start":{"line":69,"column":8},"end":{"line":77,"column":9}},{"start":{},"end":{}}]},"5":{"loc":{"start":{"line":70,"column":12},"end":{"line":76,"column":13}},"type":"if","locations":[{"start":{"line":70,"column":12},"end":{"line":76,"column":13}},{"start":{"line":72,"column":19},"end":{"line":76,"column":13}}]}},"s":{"0":1,"1":1,"2":12,"3":12,"4":12,"5":0,"6":8,"7":8,"8":8,"9":2,"10":8,"11":1,"12":1,"13":7,"14":7,"15":7,"16":8,"17":8,"18":8,"19":0,"20":2,"21":2,"22":2,"23":2,"24":2,"25":2,"26":1,"27":1,"28":1,"29":2,"30":2,"31":2,"32":0,"33":1,"34":1,"35":1,"36":1,"37":1,"38":1,"39":1,"40":0,"41":0,"42":0,"43":0,"44":0,"45":0,"46":1,"47":1,"48":2},"f":{"0":12,"1":8,"2":2,"3":2,"4":2,"5":1,"6":1,"7":0,"8":0,"9":0,"10":1,"11":2},"b":{"0":[6,6],"1":[1,7],"2":[1,1],"3":[7,6],"4":[2,0],"5":[1,1]}}
}
