TN:
SF:src\services\authService.ts
FN:19,(anonymous_1)
FN:49,(anonymous_2)
FN:62,(anonymous_3)
FN:70,(anonymous_4)
FNF:4
FNH:4
FNDA:6,(anonymous_1)
FNDA:7,(anonymous_2)
FNDA:3,(anonymous_3)
FNDA:7,(anonymous_4)
DA:1,1
DA:3,1
DA:18,1
DA:20,6
DA:21,6
DA:27,2
DA:28,2
DA:29,2
DA:32,2
DA:37,4
DA:41,4
DA:50,7
DA:51,7
DA:52,6
DA:53,3
DA:58,5
DA:63,3
DA:64,3
DA:65,3
DA:66,3
DA:71,7
LF:21
LH:21
BRDA:27,0,0,2
BRDA:27,0,1,0
BRDA:37,1,0,4
BRDA:37,1,1,2
BRDA:37,1,2,1
BRDA:52,2,0,3
BRDA:52,2,1,3
BRF:7
BRH:6
end_of_record
TN:
SF:src\services\localStorageCartService.ts
FN:8,(anonymous_0)
FN:19,(anonymous_1)
FN:28,(anonymous_2)
FN:64,(anonymous_3)
FN:67,(anonymous_4)
FN:90,(anonymous_5)
FN:93,(anonymous_6)
FN:106,(anonymous_7)
FN:112,(anonymous_8)
FN:114,(anonymous_9)
FN:118,(anonymous_10)
FN:120,(anonymous_11)
FNF:12
FNH:9
FNDA:12,(anonymous_0)
FNDA:8,(anonymous_1)
FNDA:2,(anonymous_2)
FNDA:2,(anonymous_3)
FNDA:2,(anonymous_4)
FNDA:1,(anonymous_5)
FNDA:1,(anonymous_6)
FNDA:0,(anonymous_7)
FNDA:0,(anonymous_8)
FNDA:0,(anonymous_9)
FNDA:1,(anonymous_10)
FNDA:2,(anonymous_11)
DA:4,1
DA:6,1
DA:9,12
DA:10,12
DA:11,12
DA:14,0
DA:26,8
DA:27,8
DA:28,8
DA:30,8
DA:32,1
DA:34,1
DA:37,7
DA:38,7
DA:47,7
DA:50,8
DA:53,8
DA:55,8
DA:59,0
DA:65,2
DA:66,2
DA:67,2
DA:69,2
DA:70,2
DA:71,1
DA:73,1
DA:75,1
DA:79,2
DA:80,2
DA:82,2
DA:85,0
DA:91,1
DA:92,1
DA:93,1
DA:95,1
DA:96,1
DA:98,1
DA:101,0
DA:107,0
DA:108,0
DA:113,0
DA:114,0
DA:119,1
DA:120,2
LF:44
LH:36
BRDA:11,0,0,6
BRDA:11,0,1,6
BRDA:30,1,0,1
BRDA:30,1,1,7
BRDA:32,2,0,1
BRDA:32,2,1,1
BRDA:37,3,0,7
BRDA:37,3,1,6
BRDA:69,4,0,2
BRDA:69,4,1,0
BRDA:70,5,0,1
BRDA:70,5,1,1
BRF:12
BRH:11
end_of_record
